<html>
<head>
<title>TestNG:  Test</title>
<link href="../testng.css" rel="stylesheet" type="text/css" />
<link href="../my-testng.css" rel="stylesheet" type="text/css" />

<style type="text/css">
.log { display: none;} 
.stack-trace { display: none;} 
</style>
<script type="text/javascript">
<!--
function flip(e) {
  current = e.style.display;
  if (current == 'block') {
    e.style.display = 'none';
    return 0;
  }
  else {
    e.style.display = 'block';
    return 1;
  }
}

function toggleBox(szDivId, elem, msg1, msg2)
{
  var res = -1;  if (document.getElementById) {
    res = flip(document.getElementById(szDivId));
  }
  else if (document.all) {
    // this is the way old msie versions work
    res = flip(document.all[szDivId]);
  }
  if(elem) {
    if(res == 0) elem.innerHTML = msg1; else elem.innerHTML = msg2;
  }

}

function toggleAllBoxes() {
  if (document.getElementsByTagName) {
    d = document.getElementsByTagName('div');
    for (i = 0; i < d.length; i++) {
      if (d[i].className == 'log') {
        flip(d[i]);
      }
    }
  }
}

// -->
</script>

</head>
<body>
<h2 align='center'>Test</h2><table border='1' align="center">
<tr>
<td>Tests passed/Failed/Skipped:</td><td>9/1/0</td>
</tr><tr>
<td>Started on:</td><td>Tue Mar 12 20:39:35 IST 2024</td>
</tr>
<tr><td>Total time:</td><td>82 seconds (82955 ms)</td>
</tr><tr>
<td>Included groups:</td><td></td>
</tr><tr>
<td>Excluded groups:</td><td></td>
</tr>
</table><p/>
<small><i>(Hover the method name to see the test class name)</i></small><p/>
<table width='100%' border='1' class='invocation-failed'>
<tr><td colspan='4' align='center'><b>FAILED TESTS</b></td></tr>
<tr><td><b>Test method</b></td>
<td width="30%"><b>Exception</b></td>
<td width="10%"><b>Time (seconds)</b></td>
<td><b>Instance</b></td>
</tr>
<tr>
<td title='com.sqa.qa.testcases.AccountPageTest.Verify_Deposit_With_InValideAmmount()'><b>Verify_Deposit_With_InValideAmmount</b><br>Test class: com.sqa.qa.testcases.AccountPageTest</td>
<td><div><pre>java.lang.AssertionError: expected [true] but found [false]
	at com.sqa.qa.pages.AccountPage.InValidDeposit(AccountPage.java:176)
	at com.sqa.qa.testcases.AccountPageTest.Verify_Deposit_With_InValideAmmount(AccountPageTest.java:44)
... Removed 29 stack frames</pre></div><a href='#' onClick='toggleBox("stack-trace736714033", this, "Click to show all stack frames", "Click to hide stack frames")'>Click to show all stack frames</a>
<div class='stack-trace' id='stack-trace736714033'><pre>java.lang.AssertionError: expected [true] but found [false]
	at org.testng.Assert.fail(Assert.java:93)
	at org.testng.Assert.failNotEquals(Assert.java:512)
	at org.testng.Assert.assertTrue(Assert.java:41)
	at org.testng.Assert.assertTrue(Assert.java:51)
	at com.sqa.qa.pages.AccountPage.InValidDeposit(AccountPage.java:176)
	at com.sqa.qa.testcases.AccountPageTest.Verify_Deposit_With_InValideAmmount(AccountPageTest.java:44)
	at java.base/jdk.internal.reflect.NativeMethodAccessorImpl.invoke0(Native Method)
	at java.base/jdk.internal.reflect.NativeMethodAccessorImpl.invoke(NativeMethodAccessorImpl.java:77)
	at java.base/jdk.internal.reflect.DelegatingMethodAccessorImpl.invoke(DelegatingMethodAccessorImpl.java:43)
	at java.base/java.lang.reflect.Method.invoke(Method.java:568)
	at org.testng.internal.MethodInvocationHelper.invokeMethod(MethodInvocationHelper.java:108)
	at org.testng.internal.Invoker.invokeMethod(Invoker.java:661)
	at org.testng.internal.Invoker.invokeTestMethod(Invoker.java:869)
	at org.testng.internal.Invoker.invokeTestMethods(Invoker.java:1193)
	at org.testng.internal.TestMethodWorker.invokeTestMethods(TestMethodWorker.java:126)
	at org.testng.internal.TestMethodWorker.run(TestMethodWorker.java:109)
	at org.testng.TestRunner.privateRun(TestRunner.java:744)
	at org.testng.TestRunner.run(TestRunner.java:602)
	at org.testng.SuiteRunner.runTest(SuiteRunner.java:380)
	at org.testng.SuiteRunner.runSequentially(SuiteRunner.java:375)
	at org.testng.SuiteRunner.privateRun(SuiteRunner.java:340)
	at org.testng.SuiteRunner.run(SuiteRunner.java:289)
	at org.testng.SuiteRunnerWorker.runSuite(SuiteRunnerWorker.java:52)
	at org.testng.SuiteRunnerWorker.run(SuiteRunnerWorker.java:86)
	at org.testng.TestNG.runSuitesSequentially(TestNG.java:1301)
	at org.testng.TestNG.runSuitesLocally(TestNG.java:1226)
	at org.testng.TestNG.runSuites(TestNG.java:1144)
	at org.testng.TestNG.run(TestNG.java:1115)
	at org.testng.remote.AbstractRemoteTestNG.run(AbstractRemoteTestNG.java:115)
	at org.testng.remote.RemoteTestNG.initAndRun(RemoteTestNG.java:251)
	at org.testng.remote.RemoteTestNG.main(RemoteTestNG.java:77)
</pre></div></td>
<td>1</td>
<td>com.sqa.qa.testcases.AccountPageTest@740fb309</td></tr>
</table><p>
<table width='100%' border='1' class='invocation-passed'>
<tr><td colspan='4' align='center'><b>PASSED TESTS</b></td></tr>
<tr><td><b>Test method</b></td>
<td width="30%"><b>Exception</b></td>
<td width="10%"><b>Time (seconds)</b></td>
<td><b>Instance</b></td>
</tr>
<tr>
<td title='com.sqa.qa.testcases.AddCustomerTest.AddCustomer_Exist()'><b>AddCustomer_Exist</b><br>Test class: com.sqa.qa.testcases.AddCustomerTest</td>
<td></td>
<td>1</td>
<td>com.sqa.qa.testcases.AddCustomerTest@4e5ed836</td></tr>
<tr>
<td title='com.sqa.qa.testcases.AddCustomerTest.AddCustomer_NotExist()'><b>AddCustomer_NotExist</b><br>Test class: com.sqa.qa.testcases.AddCustomerTest</td>
<td></td>
<td>1</td>
<td>com.sqa.qa.testcases.AddCustomerTest@4e5ed836</td></tr>
<tr>
<td title='com.sqa.qa.testcases.CustomersPageTest.DeleteCustomerEntry()'><b>DeleteCustomerEntry</b><br>Test class: com.sqa.qa.testcases.CustomersPageTest</td>
<td></td>
<td>0</td>
<td>com.sqa.qa.testcases.CustomersPageTest@2ab4bc72</td></tr>
<tr>
<td title='com.sqa.qa.testcases.OpenAccountPageTest.OpenAccount()'><b>OpenAccount</b><br>Test class: com.sqa.qa.testcases.OpenAccountPageTest</td>
<td></td>
<td>2</td>
<td>com.sqa.qa.testcases.OpenAccountPageTest@eadd4fb</td></tr>
<tr>
<td title='com.sqa.qa.testcases.TransactionsPageTest.Verify_Deposit_With_ValideAmmount()'><b>Verify_Deposit_With_ValideAmmount</b><br>Test class: com.sqa.qa.testcases.TransactionsPageTest</td>
<td></td>
<td>1</td>
<td>com.sqa.qa.testcases.TransactionsPageTest@710636b0</td></tr>
<tr>
<td title='com.sqa.qa.testcases.AccountPageTest.Verify_Deposit_With_ValideAmmount()'><b>Verify_Deposit_With_ValideAmmount</b><br>Test class: com.sqa.qa.testcases.AccountPageTest</td>
<td></td>
<td>2</td>
<td>com.sqa.qa.testcases.AccountPageTest@740fb309</td></tr>
<tr>
<td title='com.sqa.qa.testcases.AccountPageTest.Verify_Withdraw_With_InSufficient()'><b>Verify_Withdraw_With_InSufficient</b><br>Test class: com.sqa.qa.testcases.AccountPageTest</td>
<td></td>
<td>11</td>
<td>com.sqa.qa.testcases.AccountPageTest@740fb309</td></tr>
<tr>
<td title='com.sqa.qa.testcases.AccountPageTest.Verify_Withdraw_With_ValideAmmount()'><b>Verify_Withdraw_With_ValideAmmount</b><br>Test class: com.sqa.qa.testcases.AccountPageTest</td>
<td></td>
<td>11</td>
<td>com.sqa.qa.testcases.AccountPageTest@740fb309</td></tr>
<tr>
<td title='com.sqa.qa.testcases.CustomerLoginTest.customerlogin()'><b>customerlogin</b><br>Test class: com.sqa.qa.testcases.CustomerLoginTest</td>
<td></td>
<td>1</td>
<td>com.sqa.qa.testcases.CustomerLoginTest@3de8f619</td></tr>
</table><p>
</body>
</html>