<?xml version="1.0" encoding="UTF-8"?>
<testng-results ignored="0" total="5" passed="4" failed="1" skipped="0">
  <reporter-output>
  </reporter-output>
  <suite started-at="2024-03-08T18:55:05Z" name="Default suite" finished-at="2024-03-08T18:56:02Z" duration-ms="56819">
    <groups>
    </groups>
    <test started-at="2024-03-08T18:55:05Z" name="Default test" finished-at="2024-03-08T18:56:02Z" duration-ms="56819">
      <class name="com.sqa.qa.testcases.AccountPageTest">
        <test-method is-config="true" signature="setUp()[pri:0, instance:com.sqa.qa.testcases.AccountPageTest@4d1bf319]" started-at="2024-03-09T00:25:05Z" name="setUp" finished-at="2024-03-09T00:25:09Z" duration-ms="4248" status="PASS">
          <reporter-output>
          </reporter-output>
        </test-method> <!-- setUp -->
        <test-method signature="Verify_Deposit_With_ValideAmmount()[pri:1, instance:com.sqa.qa.testcases.AccountPageTest@4d1bf319]" started-at="2024-03-09T00:25:09Z" name="Verify_Deposit_With_ValideAmmount" finished-at="2024-03-09T00:25:12Z" duration-ms="2242" status="PASS">
          <reporter-output>
          </reporter-output>
        </test-method> <!-- Verify_Deposit_With_ValideAmmount -->
        <test-method is-config="true" signature="tearDown()[pri:0, instance:com.sqa.qa.testcases.AccountPageTest@4d1bf319]" started-at="2024-03-09T00:25:12Z" name="tearDown" finished-at="2024-03-09T00:25:12Z" duration-ms="353" status="PASS">
          <reporter-output>
          </reporter-output>
        </test-method> <!-- tearDown -->
        <test-method is-config="true" signature="setUp()[pri:0, instance:com.sqa.qa.testcases.AccountPageTest@4d1bf319]" started-at="2024-03-09T00:25:12Z" name="setUp" finished-at="2024-03-09T00:25:15Z" duration-ms="3250" status="PASS">
          <reporter-output>
          </reporter-output>
        </test-method> <!-- setUp -->
        <test-method signature="Verify_Deposit_With_InValideAmmount()[pri:2, instance:com.sqa.qa.testcases.AccountPageTest@4d1bf319]" started-at="2024-03-09T00:25:15Z" name="Verify_Deposit_With_InValideAmmount" finished-at="2024-03-09T00:25:16Z" duration-ms="1208" status="FAIL">
          <exception class="java.lang.AssertionError">
            <message>
              <![CDATA[expected [true] but found [false]]]>
            </message>
            <full-stacktrace>
              <![CDATA[java.lang.AssertionError: expected [true] but found [false]
	at org.testng.Assert.fail(Assert.java:93)
	at org.testng.Assert.failNotEquals(Assert.java:512)
	at org.testng.Assert.assertTrue(Assert.java:41)
	at org.testng.Assert.assertTrue(Assert.java:51)
	at com.sqa.qa.pages.AccountPage.InValidDeposit(AccountPage.java:179)
	at com.sqa.qa.testcases.AccountPageTest.Verify_Deposit_With_InValideAmmount(AccountPageTest.java:49)
	at java.base/jdk.internal.reflect.NativeMethodAccessorImpl.invoke0(Native Method)
	at java.base/jdk.internal.reflect.NativeMethodAccessorImpl.invoke(NativeMethodAccessorImpl.java:77)
	at java.base/jdk.internal.reflect.DelegatingMethodAccessorImpl.invoke(DelegatingMethodAccessorImpl.java:43)
	at java.base/java.lang.reflect.Method.invoke(Method.java:568)
	at org.testng.internal.MethodInvocationHelper.invokeMethod(MethodInvocationHelper.java:108)
	at org.testng.internal.Invoker.invokeMethod(Invoker.java:661)
	at org.testng.internal.Invoker.invokeTestMethod(Invoker.java:869)
	at org.testng.internal.Invoker.invokeTestMethods(Invoker.java:1193)
	at org.testng.internal.TestMethodWorker.invokeTestMethods(TestMethodWorker.java:126)
	at org.testng.internal.TestMethodWorker.run(TestMethodWorker.java:109)
	at org.testng.TestRunner.privateRun(TestRunner.java:744)
	at org.testng.TestRunner.run(TestRunner.java:602)
	at org.testng.SuiteRunner.runTest(SuiteRunner.java:380)
	at org.testng.SuiteRunner.runSequentially(SuiteRunner.java:375)
	at org.testng.SuiteRunner.privateRun(SuiteRunner.java:340)
	at org.testng.SuiteRunner.run(SuiteRunner.java:289)
	at org.testng.SuiteRunnerWorker.runSuite(SuiteRunnerWorker.java:52)
	at org.testng.SuiteRunnerWorker.run(SuiteRunnerWorker.java:86)
	at org.testng.TestNG.runSuitesSequentially(TestNG.java:1301)
	at org.testng.TestNG.runSuitesLocally(TestNG.java:1226)
	at org.testng.TestNG.runSuites(TestNG.java:1144)
	at org.testng.TestNG.run(TestNG.java:1115)
	at org.testng.remote.AbstractRemoteTestNG.run(AbstractRemoteTestNG.java:115)
	at org.testng.remote.RemoteTestNG.initAndRun(RemoteTestNG.java:251)
	at org.testng.remote.RemoteTestNG.main(RemoteTestNG.java:77)
]]>
            </full-stacktrace>
          </exception> <!-- java.lang.AssertionError -->
          <reporter-output>
          </reporter-output>
        </test-method> <!-- Verify_Deposit_With_InValideAmmount -->
        <test-method is-config="true" signature="tearDown()[pri:0, instance:com.sqa.qa.testcases.AccountPageTest@4d1bf319]" started-at="2024-03-09T00:25:16Z" name="tearDown" finished-at="2024-03-09T00:25:17Z" duration-ms="270" status="PASS">
          <reporter-output>
          </reporter-output>
        </test-method> <!-- tearDown -->
        <test-method is-config="true" signature="setUp()[pri:0, instance:com.sqa.qa.testcases.AccountPageTest@4d1bf319]" started-at="2024-03-09T00:25:17Z" name="setUp" finished-at="2024-03-09T00:25:20Z" duration-ms="3309" status="PASS">
          <reporter-output>
          </reporter-output>
        </test-method> <!-- setUp -->
        <test-method signature="Verify_Withdraw_With_ValideAmmount()[pri:3, instance:com.sqa.qa.testcases.AccountPageTest@4d1bf319]" started-at="2024-03-09T00:25:20Z" name="Verify_Withdraw_With_ValideAmmount" finished-at="2024-03-09T00:25:32Z" duration-ms="12306" status="PASS">
          <reporter-output>
          </reporter-output>
        </test-method> <!-- Verify_Withdraw_With_ValideAmmount -->
        <test-method is-config="true" signature="tearDown()[pri:0, instance:com.sqa.qa.testcases.AccountPageTest@4d1bf319]" started-at="2024-03-09T00:25:32Z" name="tearDown" finished-at="2024-03-09T00:25:33Z" duration-ms="249" status="PASS">
          <reporter-output>
          </reporter-output>
        </test-method> <!-- tearDown -->
        <test-method is-config="true" signature="setUp()[pri:0, instance:com.sqa.qa.testcases.AccountPageTest@4d1bf319]" started-at="2024-03-09T00:25:33Z" name="setUp" finished-at="2024-03-09T00:25:36Z" duration-ms="3335" status="PASS">
          <reporter-output>
          </reporter-output>
        </test-method> <!-- setUp -->
        <test-method signature="Verify_Withdraw_With_InValideAmmount()[pri:4, instance:com.sqa.qa.testcases.AccountPageTest@4d1bf319]" started-at="2024-03-09T00:25:36Z" name="Verify_Withdraw_With_InValideAmmount" finished-at="2024-03-09T00:25:46Z" duration-ms="10497" status="PASS">
          <reporter-output>
          </reporter-output>
        </test-method> <!-- Verify_Withdraw_With_InValideAmmount -->
        <test-method is-config="true" signature="tearDown()[pri:0, instance:com.sqa.qa.testcases.AccountPageTest@4d1bf319]" started-at="2024-03-09T00:25:46Z" name="tearDown" finished-at="2024-03-09T00:25:47Z" duration-ms="283" status="PASS">
          <reporter-output>
          </reporter-output>
        </test-method> <!-- tearDown -->
        <test-method is-config="true" signature="setUp()[pri:0, instance:com.sqa.qa.testcases.AccountPageTest@4d1bf319]" started-at="2024-03-09T00:25:47Z" name="setUp" finished-at="2024-03-09T00:25:50Z" duration-ms="3202" status="PASS">
          <reporter-output>
          </reporter-output>
        </test-method> <!-- setUp -->
        <test-method signature="Verify_Withdraw_With_InSufficient()[pri:5, instance:com.sqa.qa.testcases.AccountPageTest@4d1bf319]" started-at="2024-03-09T00:25:50Z" name="Verify_Withdraw_With_InSufficient" finished-at="2024-03-09T00:26:02Z" duration-ms="11793" status="PASS">
          <reporter-output>
          </reporter-output>
        </test-method> <!-- Verify_Withdraw_With_InSufficient -->
        <test-method is-config="true" signature="tearDown()[pri:0, instance:com.sqa.qa.testcases.AccountPageTest@4d1bf319]" started-at="2024-03-09T00:26:02Z" name="tearDown" finished-at="2024-03-09T00:26:02Z" duration-ms="237" status="PASS">
          <reporter-output>
          </reporter-output>
        </test-method> <!-- tearDown -->
      </class> <!-- com.sqa.qa.testcases.AccountPageTest -->
    </test> <!-- Default test -->
  </suite> <!-- Default suite -->
</testng-results>
